Ahmet is added to enrollment list of Course 5710140. Remaining credit: 2
------------------------------
Ahmet does not have enough credit to enroll Course 5710477.
------------------------------
Mehmet is added to enrollment list of Course 5710477. Remaining credit: 6
------------------------------
Ayse is added to enrollment list of Course 5710477. Remaining credit: 3
------------------------------
Mehmet is added to enrollment list of Course 5710477. Remaining credit: 1
------------------------------
Fatma is added to enrollment list of Course 5710111. Remaining credit: 0
------------------------------
Fatma does not have enough credit to enroll Course 5710477.
------------------------------
Ali is added to enrollment list of Course 5710111. Remaining credit: 6
------------------------------
Veli is added to enrollment list of Course 5710140. Remaining credit: 5
------------------------------
Veli is added to enrollment list of Course 5710111. Remaining credit: 3
------------------------------
Veli is added to enrollment list of Course 5710315. Remaining credit: 2
------------------------------
Kubra is added to enrollment list of Course 5710111. Remaining credit: 11
------------------------------
Kubra is added to enrollment list of Course 5710140. Remaining credit: 8
------------------------------
Busra is added to enrollment list of Course 5710315. Remaining credit: 8
------------------------------
Mustafa is added to enrollment list of Course 5710477. Remaining credit: 7
------------------------------
Mustafa is added to enrollment list of Course 5710140. Remaining credit: 6
------------------------------
Mustafa is added to enrollment list of Course 5710315. Remaining credit: 5
------------------------------
Merve is added to enrollment list of Course 5710140. Remaining credit: 10
------------------------------
Merve is added to enrollment list of Course 5710477. Remaining credit: 1
------------------------------
Ali is added to enrollment list of Course 5710315. Remaining credit: 2
------------------------------
Ali is added to enrollment list of Course 5710111. Remaining credit: 0
------------------------------
Fatma does not have enough credit to enroll Course 5710315.
------------------------------
Course: 5710140
Student List: Veli(7) Merve(6)
Course: 5710477
Student List: Merve(9) Mustafa(8) Mehmet(7)
Course: 5710111
Student List: Fatma(10)
Course: 5710315
Student List: Busra(6) Ali(4) Veli(1) Mustafa(1)
