0 - 0 0
1 - 0 0
2 - 0 0
3 - 0 0
4 - 0 0
5 - 0 0
6 - 9316 0
-----------------------------------------
0 - 0 0
1 - 0 0
2 - 0 0
3 - 0 0
4 - 0 0
5 - 0 0
6 - 9316 10163
-----------------------------------------
0 - 0 0
1 - 0 0
2 - 0 0
3 - 0 0
4 - 0 0
5 - 14768 0
6 - 9316 10163
-----------------------------------------
0 - 1414 0
1 - 0 0
2 - 0 0
3 - 0 0
4 - 0 0
5 - 14768 0
6 - 9316 10163
-----------------------------------------
0 - 1414 0
1 - 0 0
2 - 0 0
3 - 0 0
4 - 0 0
5 - 14768 0
6 - 9316 10163 6005 0
-----------------------------------------
