0 - 0 0 0
1 - 3214 0 0
2 - 0 0 0
-----------------------------------------
0 - 0 0 0
1 - 3214 9316 0
2 - 0 0 0
-----------------------------------------
0 - 0 0 0
1 - 3214 9316 0
2 - 10163 0 0
-----------------------------------------
0 - 0 0 0
1 - 3214 9316 0
2 - 10163 6005 0
-----------------------------------------
0 - 0 0 0
1 - 3214 9316 0
2 - 10163 6005 6203
-----------------------------------------
0 - 0 0 0
1 - 3214 9316 15130
2 - 10163 6005 6203
-----------------------------------------
0 - 5919 0 0
1 - 3214 9316 15130
2 - 10163 6005 6203
-----------------------------------------
0 - 5919 0 0
1 - 3214 9316 15130
2 - 10163 6005 6203 14768 0 0
-----------------------------------------
0 - 5919 0 0
1 - 3214 9316 15130 1414 0 0
2 - 10163 6005 6203 14768 0 0
-----------------------------------------
0 - 0 0 0
1 - 0 0 0
2 - 14768 0 0
3 - 5919 0 0
4 - 3214 9316 15130 1414 5878 0
5 - 10163 6005 6203
-----------------------------------------
