0 - 3214 0 0 0
1 - 0 0 0 0
-----------------------------------------
0 - 3214 9316 0 0
1 - 0 0 0 0
-----------------------------------------
0 - 3214 9316 0 0
1 - 10163 0 0 0
-----------------------------------------
0 - 3214 9316 0 0
1 - 10163 6005 0 0
-----------------------------------------
0 - 3214 9316 0 0
1 - 10163 6005 6203 0
-----------------------------------------
0 - 3214 9316 15130 0
1 - 10163 6005 6203 0
-----------------------------------------
0 - 3214 9316 15130 0
1 - 10163 6005 6203 5919
-----------------------------------------
0 - 3214 9316 15130 14768
1 - 10163 6005 6203 5919
-----------------------------------------
0 - 3214 9316 15130 14768 1414 0 0 0
1 - 10163 6005 6203 5919
-----------------------------------------
0 - 9316 14768 0 0
1 - 6005 0 0 0
2 - 3214 15130 1414 5878
3 - 10163 6203 5919 0
-----------------------------------------
